C:\Program Files\Microsoft Visual Studio\2022\Community\MSBuild\Microsoft\VC\v170\Microsoft.CppCommon.targets(755,5): error : Element <CompileAs> has an invalid value of "/TC".
C:\Program Files\Microsoft Visual Studio\2022\Community\MSBuild\Microsoft\VC\v170\Microsoft.CppCommon.targets(755,5): error MSB6011: Invalid parameters passed to the Microsoft.Build.CPPTasks.CL task.
